INFO  [AWT-EventQueue-0] org.example.client.model.CoreClient - 192.168.245.125 - 6060 - 124164
INFO  [AWT-EventQueue-0] org.example.client.model.CoreClient - memoryBox:  :
INFO  [AWT-EventQueue-0] org.example.client.model.CoreClient - memoryBox: b418cb55cf1f0c003ccd37996074d8f72b627d50fb4680db176e7dd4280e08495bec23443fb07e4efdbdfa2522fd6941f82ba0f83bfe97b97fb4d8a87e7bba24 192.168.134.132:6060
INFO  [AWT-EventQueue-0] org.example.client.model.CoreClient - memoryBox: b418cb55cf1f0c003ccd37996074d8f72b627d50fb4680db176e7dd4280e08495bec23443fb07e4efdbdfa2522fd6941f82ba0f83bfe97b97fb4d8a87e7bba24 192.168.134.132:6060
ERROR [main] o.e.server.model.database.JDBCUtil - Failed to initialize HikariCP
java.lang.RuntimeException: Failed to load driver class com.mysql.cj.jdbc.Driver
	at com.zaxxer.hikari.HikariConfig.setDriverClassName(HikariConfig.java:510)
	at org.example.server.model.database.JDBCUtil.<clinit>(JDBCUtil.java:37)
	at org.example.admin.InitializingServer.initializeDatabase(InitializingServer.java:11)
	at org.example.admin.InitializingServer.main(InitializingServer.java:6)
Caused by: java.lang.RuntimeException: Failed to load class com.mysql.cj.jdbc.Driver
	at com.zaxxer.hikari.util.UtilityElf.createInstance(UtilityElf.java:155)
	at com.zaxxer.hikari.util.UtilityElf.createInstance(UtilityElf.java:105)
	at com.zaxxer.hikari.HikariConfig.setDriverClassName(HikariConfig.java:506)
	... 3 common frames omitted
Caused by: java.lang.ClassNotFoundException: com.mysql.cj.jdbc.Driver
	at java.base/jdk.internal.loader.BuiltinClassLoader.loadClass(BuiltinClassLoader.java:641)
	at java.base/jdk.internal.loader.ClassLoaders$AppClassLoader.loadClass(ClassLoaders.java:188)
	at java.base/java.lang.ClassLoader.loadClass(ClassLoader.java:521)
	at com.zaxxer.hikari.util.UtilityElf.createInstance(UtilityElf.java:127)
	... 5 common frames omitted
INFO  [main] com.zaxxer.hikari.HikariDataSource - HikariPool-1 - Starting...
ERROR [main] o.e.server.model.database.JDBCUtil - Failed to initialize HikariCP
com.zaxxer.hikari.pool.HikariPool$PoolInitializationException: Failed to initialize pool: Unknown database 'dacs4_edunet'
	at com.zaxxer.hikari.pool.HikariPool.throwPoolInitializationException(HikariPool.java:610)
	at com.zaxxer.hikari.pool.HikariPool.checkFailFast(HikariPool.java:597)
	at com.zaxxer.hikari.pool.HikariPool.<init>(HikariPool.java:97)
	at com.zaxxer.hikari.HikariDataSource.<init>(HikariDataSource.java:80)
	at org.example.server.model.database.JDBCUtil.<clinit>(JDBCUtil.java:39)
	at org.example.admin.InitializingServer.initializeDatabase(InitializingServer.java:11)
	at org.example.admin.InitializingServer.main(InitializingServer.java:6)
Caused by: java.sql.SQLSyntaxErrorException: Unknown database 'dacs4_edunet'
	at com.mysql.cj.jdbc.exceptions.SQLError.createSQLException(SQLError.java:112)
	at com.mysql.cj.jdbc.exceptions.SQLExceptionsMapping.translateException(SQLExceptionsMapping.java:114)
	at com.mysql.cj.jdbc.ConnectionImpl.createNewIO(ConnectionImpl.java:840)
	at com.mysql.cj.jdbc.ConnectionImpl.<init>(ConnectionImpl.java:416)
	at com.mysql.cj.jdbc.ConnectionImpl.getInstance(ConnectionImpl.java:237)
	at com.mysql.cj.jdbc.NonRegisteringDriver.connect(NonRegisteringDriver.java:180)
	at com.zaxxer.hikari.util.DriverDataSource.getConnection(DriverDataSource.java:144)
	at com.zaxxer.hikari.pool.PoolBase.newConnection(PoolBase.java:373)
	at com.zaxxer.hikari.pool.PoolBase.newPoolEntry(PoolBase.java:210)
	at com.zaxxer.hikari.pool.HikariPool.createPoolEntry(HikariPool.java:488)
	at com.zaxxer.hikari.pool.HikariPool.checkFailFast(HikariPool.java:576)
	... 5 common frames omitted
INFO  [AWT-EventQueue-0] com.zaxxer.hikari.HikariDataSource - HikariPool-1 - Starting...
INFO  [AWT-EventQueue-0] com.zaxxer.hikari.pool.HikariPool - HikariPool-1 - Added connection com.mysql.cj.jdbc.ConnectionImpl@35edaab4
INFO  [AWT-EventQueue-0] com.zaxxer.hikari.HikariDataSource - HikariPool-1 - Start completed.
